{"D:\\projects\\murphee\\src\\components\\Round.svelte": {"path":"D:\\projects\\murphee\\src\\components\\Round.svelte","statementMap":{"0":{"start":{"line":2,"column":18},"end":{"line":2,"column":null}},"1":{"start":{"line":3,"column":20},"end":{"line":3,"column":null}},"2":{"start":{"line":4,"column":20},"end":{"line":4,"column":null}},"3":{"start":{"line":5,"column":17},"end":{"line":5,"column":null}},"4":{"start":{"line":7,"column":25},"end":{"line":7,"column":null}},"5":{"start":{"line":49,"column":19},"end":{"line":49,"column":34}},"6":{"start":{"line":49,"column":14},"end":{"line":49,"column":18}},"7":{"start":{"line":49,"column":19},"end":{"line":49,"column":null}},"8":{"start":{"line":49,"column":14},"end":{"line":49,"column":19}},"9":{"start":{"line":48,"column":31},"end":{"line":48,"column":null}},"10":{"start":{"line":51,"column":21},"end":{"line":51,"column":null}},"11":{"start":{"line":55,"column":21},"end":{"line":55,"column":null}},"12":{"start":{"line":51,"column":34},"end":{"line":51,"column":null}},"13":{"start":{"line":55,"column":53},"end":{"line":55,"column":null}},"14":{"start":{"line":38,"column":50},"end":{"line":38,"column":null}},"15":{"start":{"line":42,"column":9},"end":{"line":42,"column":null}},"16":{"start":{"line":45,"column":9},"end":{"line":45,"column":null}},"17":{"start":{"line":26,"column":83},"end":{"line":26,"column":null}},"18":{"start":{"line":22,"column":59},"end":{"line":22,"column":null}},"19":{"start":{"line":23,"column":14},"end":{"line":23,"column":null}},"20":{"start":{"line":38,"column":69},"end":{"line":38,"column":null}},"21":{"start":{"line":42,"column":38},"end":{"line":42,"column":null}},"22":{"start":{"line":9,"column":20},"end":{"line":9,"column":null}},"23":{"start":{"line":11,"column":21},"end":{"line":11,"column":null}},"24":{"start":{"line":15,"column":12},"end":{"line":15,"column":null}}},"fnMap":{},"branchMap":{"0":{"loc":{"start":{"line":48,"column":31},"end":{"line":48,"column":null}},"type":"if","locations":[{"start":{"line":48,"column":31},"end":{"line":48,"column":null}},{"start":{"line":48,"column":31},"end":{"line":48,"column":null}}]},"1":{"loc":{"start":{"line":51,"column":21},"end":{"line":51,"column":null}},"type":"if","locations":[{"start":{"line":51,"column":21},"end":{"line":51,"column":null}},{"start":{"line":51,"column":21},"end":{"line":51,"column":null}}]},"2":{"loc":{"start":{"line":51,"column":21},"end":{"line":51,"column":29}},"type":"binary-expr","locations":[{"start":{"line":51,"column":21},"end":{"line":51,"column":29}},{"start":{"line":51,"column":21},"end":{"line":51,"column":null}}]},"3":{"loc":{"start":{"line":55,"column":21},"end":{"line":55,"column":null}},"type":"if","locations":[{"start":{"line":55,"column":21},"end":{"line":55,"column":null}},{"start":{"line":55,"column":21},"end":{"line":55,"column":null}}]},"4":{"loc":{"start":{"line":55,"column":21},"end":{"line":55,"column":27}},"type":"binary-expr","locations":[{"start":{"line":55,"column":21},"end":{"line":55,"column":27}},{"start":{"line":55,"column":21},"end":{"line":55,"column":null}}]},"5":{"loc":{"start":{"line":45,"column":9},"end":{"line":45,"column":null}},"type":"binary-expr","locations":[{"start":{"line":45,"column":9},"end":{"line":45,"column":null}},{"start":{"line":45,"column":18},"end":{"line":45,"column":null}}]},"6":{"loc":{"start":{"line":26,"column":83},"end":{"line":26,"column":96}},"type":"binary-expr","locations":[{"start":{"line":26,"column":83},"end":{"line":26,"column":96}},{"start":{"line":26,"column":96},"end":{"line":26,"column":107}}]},"7":{"loc":{"start":{"line":26,"column":107},"end":{"line":26,"column":124}},"type":"binary-expr","locations":[{"start":{"line":26,"column":107},"end":{"line":26,"column":124}},{"start":{"line":26,"column":128},"end":{"line":26,"column":139}}]},"8":{"loc":{"start":{"line":22,"column":74},"end":{"line":22,"column":90}},"type":"cond-expr","locations":[{"start":{"line":22,"column":74},"end":{"line":22,"column":90}},{"start":{"line":22,"column":93},"end":{"line":22,"column":109}}]},"9":{"loc":{"start":{"line":26,"column":83},"end":{"line":26,"column":92}},"type":"binary-expr","locations":[{"start":{"line":26,"column":83},"end":{"line":26,"column":92}},{"start":{"line":26,"column":83},"end":{"line":26,"column":92}},{"start":{"line":26,"column":83},"end":{"line":26,"column":null}}]},"10":{"loc":{"start":{"line":38,"column":50},"end":{"line":38,"column":null}},"type":"if","locations":[{"start":{"line":38,"column":50},"end":{"line":38,"column":null}},{"start":{"line":38,"column":50},"end":{"line":38,"column":null}}]},"11":{"loc":{"start":{"line":38,"column":50},"end":{"line":38,"column":63}},"type":"binary-expr","locations":[{"start":{"line":38,"column":50},"end":{"line":38,"column":63}},{"start":{"line":38,"column":50},"end":{"line":38,"column":63}},{"start":{"line":38,"column":50},"end":{"line":38,"column":null}}]},"12":{"loc":{"start":{"line":42,"column":9},"end":{"line":42,"column":null}},"type":"if","locations":[{"start":{"line":42,"column":9},"end":{"line":42,"column":null}},{"start":{"line":42,"column":9},"end":{"line":42,"column":null}}]},"13":{"loc":{"start":{"line":42,"column":9},"end":{"line":42,"column":15}},"type":"binary-expr","locations":[{"start":{"line":42,"column":9},"end":{"line":42,"column":15}},{"start":{"line":42,"column":9},"end":{"line":42,"column":15}},{"start":{"line":42,"column":9},"end":{"line":42,"column":null}}]},"14":{"loc":{"start":{"line":22,"column":59},"end":{"line":22,"column":64}},"type":"binary-expr","locations":[{"start":{"line":22,"column":59},"end":{"line":22,"column":64}},{"start":{"line":22,"column":59},"end":{"line":22,"column":64}},{"start":{"line":22,"column":59},"end":{"line":22,"column":null}}]}},"s":{"0":1,"1":1,"2":1,"3":1,"4":1,"5":1,"6":1,"7":0,"8":0,"9":2,"10":3,"11":3,"12":0,"13":0,"14":4,"15":4,"16":3,"17":3,"18":3,"19":3,"20":0,"21":0,"22":3,"23":3,"24":1},"f":{},"b":{"0":[1,0],"1":[0,0],"2":[0,0],"3":[0,0],"4":[0,0],"5":[3,0],"6":[4,1],"7":[4,1],"8":[2,1],"9":[1,1,1],"10":[0,1],"11":[1,1,0],"12":[0,1],"13":[1,1,0],"14":[1,1,0]}}
,"D:\\projects\\murphee\\src\\components\\Saving.svelte": {"path":"D:\\projects\\murphee\\src\\components\\Saving.svelte","statementMap":{"0":{"start":{"line":2,"column":15},"end":{"line":2,"column":null}},"1":{"start":{"line":3,"column":27},"end":{"line":3,"column":null}}},"fnMap":{},"branchMap":{},"s":{"0":1,"1":1},"f":{},"b":{}}
,"D:\\projects\\murphee\\src\\components\\Time.svelte": {"path":"D:\\projects\\murphee\\src\\components\\Time.svelte","statementMap":{"0":{"start":{"line":2,"column":18},"end":{"line":2,"column":null}},"1":{"start":{"line":24,"column":5},"end":{"line":24,"column":null}},"2":{"start":{"line":23,"column":49},"end":{"line":23,"column":null}},"3":{"start":{"line":24,"column":28},"end":{"line":24,"column":null}},"4":{"start":{"line":4,"column":22},"end":{"line":4,"column":null}},"5":{"start":{"line":7,"column":19},"end":{"line":7,"column":null}},"6":{"start":{"line":8,"column":28},"end":{"line":8,"column":null}}},"fnMap":{},"branchMap":{"0":{"loc":{"start":{"line":23,"column":49},"end":{"line":23,"column":58}},"type":"binary-expr","locations":[{"start":{"line":23,"column":49},"end":{"line":23,"column":58}},{"start":{"line":23,"column":58},"end":{"line":23,"column":65}}]},"1":{"loc":{"start":{"line":24,"column":5},"end":{"line":24,"column":null}},"type":"if","locations":[{"start":{"line":24,"column":5},"end":{"line":24,"column":null}},{"start":{"line":24,"column":5},"end":{"line":24,"column":null}}]},"2":{"loc":{"start":{"line":24,"column":5},"end":{"line":24,"column":11}},"type":"binary-expr","locations":[{"start":{"line":24,"column":5},"end":{"line":24,"column":11}},{"start":{"line":24,"column":5},"end":{"line":24,"column":null}}]},"3":{"loc":{"start":{"line":23,"column":49},"end":{"line":23,"column":54}},"type":"binary-expr","locations":[{"start":{"line":23,"column":49},"end":{"line":23,"column":54}},{"start":{"line":23,"column":49},"end":{"line":23,"column":null}}]},"4":{"loc":{"start":{"line":4,"column":20},"end":{"line":4,"column":22}},"type":"default-arg","locations":[{"start":{"line":4,"column":20},"end":{"line":4,"column":22}}]},"5":{"loc":{"start":{"line":8,"column":23},"end":{"line":8,"column":28}},"type":"default-arg","locations":[{"start":{"line":8,"column":23},"end":{"line":8,"column":28}}]}},"s":{"0":1,"1":3,"2":3,"3":0,"4":3,"5":3,"6":3},"f":{},"b":{"0":[3,2],"1":[0,0],"2":[0,0],"3":[0,0],"4":[2],"5":[1]}}
,"D:\\projects\\murphee\\src\\utils\\utils.js": {"path":"D:\\projects\\murphee\\src\\utils\\utils.js","statementMap":{"0":{"start":{"line":1,"column":22},"end":{"line":9,"column":1}},"1":{"start":{"line":2,"column":32},"end":{"line":2,"column":37}},"2":{"start":{"line":4,"column":4},"end":{"line":6,"column":5}},"3":{"start":{"line":5,"column":8},"end":{"line":5,"column":32}},"4":{"start":{"line":8,"column":4},"end":{"line":8,"column":28}},"5":{"start":{"line":11,"column":14},"end":{"line":18,"column":1}},"6":{"start":{"line":12,"column":4},"end":{"line":14,"column":5}},"7":{"start":{"line":13,"column":8},"end":{"line":13,"column":20}},"8":{"start":{"line":16,"column":16},"end":{"line":16,"column":58}},"9":{"start":{"line":17,"column":4},"end":{"line":17,"column":14}}},"fnMap":{"0":{"name":"(anonymous_0)","decl":{"start":{"line":1,"column":22},"end":{"line":1,"column":23}},"loc":{"start":{"line":1,"column":31},"end":{"line":9,"column":1}},"line":1},"1":{"name":"(anonymous_1)","decl":{"start":{"line":11,"column":14},"end":{"line":11,"column":15}},"loc":{"start":{"line":11,"column":22},"end":{"line":18,"column":1}},"line":11}},"branchMap":{"0":{"loc":{"start":{"line":4,"column":4},"end":{"line":6,"column":5}},"type":"if","locations":[{"start":{"line":4,"column":4},"end":{"line":6,"column":5}},{"start":{"line":4,"column":4},"end":{"line":6,"column":5}}],"line":4},"1":{"loc":{"start":{"line":12,"column":4},"end":{"line":14,"column":5}},"type":"if","locations":[{"start":{"line":12,"column":4},"end":{"line":14,"column":5}},{"start":{"line":12,"column":4},"end":{"line":14,"column":5}}],"line":12}},"s":{"0":1,"1":3,"2":3,"3":1,"4":2,"5":1,"6":0,"7":0,"8":0,"9":0},"f":{"0":3,"1":0},"b":{"0":[1,2],"1":[0,0]},"_coverageSchema":"1a1c01bbd47fc00a2c39e90264f33305004495a9","hash":"b8377e8d9569aa7ef8a929573d99579a14118e15"}
}
