TN:
SF:src\components\Round.svelte
FNF:0
FNH:0
DA:2,1
DA:3,1
DA:4,1
DA:5,1
DA:7,1
DA:9,3
DA:11,3
DA:15,1
DA:22,3
DA:23,3
DA:26,3
DA:38,4
DA:42,4
DA:45,3
DA:48,2
DA:49,1
DA:51,3
DA:55,3
LF:18
LH:18
BRDA:48,0,0,1
BRDA:48,0,1,0
BRDA:51,1,0,0
BRDA:51,1,1,0
BRDA:51,2,0,0
BRDA:51,2,1,0
BRDA:55,3,0,0
BRDA:55,3,1,0
BRDA:55,4,0,0
BRDA:55,4,1,0
BRDA:45,5,0,3
BRDA:45,5,1,0
BRDA:26,6,0,4
BRDA:26,6,1,1
BRDA:26,7,0,4
BRDA:26,7,1,1
BRDA:22,8,0,2
BRDA:22,8,1,1
BRDA:26,9,0,1
BRDA:26,9,1,1
BRDA:26,9,2,1
BRDA:38,10,0,0
BRDA:38,10,1,1
BRDA:38,11,0,1
BRDA:38,11,1,1
BRDA:38,11,2,0
BRDA:42,12,0,0
BRDA:42,12,1,1
BRDA:42,13,0,1
BRDA:42,13,1,1
BRDA:42,13,2,0
BRDA:22,14,0,1
BRDA:22,14,1,1
BRDA:22,14,2,0
BRF:34
BRH:19
end_of_record
TN:
SF:src\components\Saving.svelte
FNF:0
FNH:0
DA:2,1
DA:3,1
LF:2
LH:2
BRF:0
BRH:0
end_of_record
TN:
SF:src\components\Time.svelte
FNF:0
FNH:0
DA:2,1
DA:4,3
DA:7,3
DA:8,3
DA:23,3
DA:24,3
LF:6
LH:6
BRDA:23,0,0,3
BRDA:23,0,1,2
BRDA:24,1,0,0
BRDA:24,1,1,0
BRDA:24,2,0,0
BRDA:24,2,1,0
BRDA:23,3,0,0
BRDA:23,3,1,0
BRDA:4,4,0,2
BRDA:8,5,0,1
BRF:10
BRH:4
end_of_record
TN:
SF:src\utils\utils.js
FN:1,(anonymous_0)
FN:11,(anonymous_1)
FNF:2
FNH:1
FNDA:3,(anonymous_0)
FNDA:0,(anonymous_1)
DA:1,1
DA:2,3
DA:4,3
DA:5,1
DA:8,2
DA:11,1
DA:12,0
DA:13,0
DA:16,0
DA:17,0
LF:10
LH:6
BRDA:4,0,0,1
BRDA:4,0,1,2
BRDA:12,1,0,0
BRDA:12,1,1,0
BRF:4
BRH:2
end_of_record
